d:\유준환\124기\frame124\client\debug\client.pch
d:\유준환\124기\frame124\client\debug\vc140.pdb
d:\유준환\124기\frame124\client\debug\vc140.idb
d:\유준환\124기\frame124\client\debug\stdafx.obj
d:\유준환\124기\frame124\client\debug\astarmgr.obj
d:\유준환\124기\frame124\client\debug\client.obj
d:\유준환\124기\frame124\client\debug\device.obj
d:\유준환\124기\frame124\client\debug\maingame.obj
d:\유준환\124기\frame124\client\debug\multitexture.obj
d:\유준환\124기\frame124\client\debug\myterrain.obj
d:\유준환\124기\frame124\client\debug\obj.obj
d:\유준환\124기\frame124\client\debug\objmgr.obj
d:\유준환\124기\frame124\client\debug\player.obj
d:\유준환\124기\frame124\client\debug\scene.obj
d:\유준환\124기\frame124\client\debug\scenemgr.obj
d:\유준환\124기\frame124\client\debug\singletexture.obj
d:\유준환\124기\frame124\client\debug\stage.obj
d:\유준환\124기\frame124\client\debug\texture.obj
d:\유준환\124기\frame124\client\debug\texturemgr.obj
d:\유준환\124기\frame124\client\debug\timemgr.obj
d:\유준환\124기\frame124\debug\client.ilk
d:\유준환\124기\frame124\debug\client.exe
d:\유준환\124기\frame124\debug\client.pdb
d:\유준환\124기\frame124\client\debug\client.res
d:\유준환\124기\frame124\client\debug\client.tlog\cl.command.1.tlog
d:\유준환\124기\frame124\client\debug\client.tlog\cl.read.1.tlog
d:\유준환\124기\frame124\client\debug\client.tlog\cl.write.1.tlog
d:\유준환\124기\frame124\client\debug\client.tlog\link.command.1.tlog
d:\유준환\124기\frame124\client\debug\client.tlog\link.read.1.tlog
d:\유준환\124기\frame124\client\debug\client.tlog\link.write.1.tlog
d:\유준환\124기\frame124\client\debug\client.tlog\rc.command.1.tlog
d:\유준환\124기\frame124\client\debug\client.tlog\rc.read.1.tlog
d:\유준환\124기\frame124\client\debug\client.tlog\rc.write.1.tlog
